
 Fecha del Log : 14/11/2013 09:06:17 p.m.
 Error ocurrido en la pagina : http://localhost:56719/LoginUsuario.aspx

 Descripcion :
System.Threading.ThreadAbortException: Subproceso anulado.
   en System.Threading.Thread.AbortInternal()
   en System.Threading.Thread.Abort(Object stateInfo)
   en System.Web.HttpResponse.AbortCurrentThread()
   en System.Web.HttpResponse.End()
   en System.Web.HttpResponse.Redirect(String url, Boolean endResponse, Boolean permanent)
   en System.Web.HttpResponse.Redirect(String url)
   en TP_ExamenesEnLinea.LoginUsuario.abrirSesionProfesor(String passUsuario, String mailU) en C:\Users\Juliana\Documents\Visual Studio 2010\Settings\Projects\TP-ExamenesEnLinea\TP-ExamenesEnLinea\LoginUsuario.aspx.cs:línea 46

<===========================================================================>

 Fecha del Log : 14/11/2013 09:08:18 p.m.
 Error ocurrido en la pagina : http://localhost:56719/EditarCursoProfesor.aspx?id=46

 Descripcion :
System.ArgumentOutOfRangeException: Los parámetros de año, mes y día describen un campo DateTime que no se puede representar.
   en System.DateTime.DateToTicks(Int32 year, Int32 month, Int32 day)
   en System.DateTime..ctor(Int32 year, Int32 month, Int32 day)
   en Negocio.ServCurso.CargarCurso(Int32 id_c, String p, Boolean p_2, String dateTime, String dateTime_2) en C:\Users\Juliana\Documents\Visual Studio 2010\Settings\Projects\TP-ExamenesEnLinea\Negocio\ServCurso.cs:línea 135
   en TP_ExamenesEnLinea.EditarCursoProfesor.Button1_Click(Object sender, EventArgs e) en C:\Users\Juliana\Documents\Visual Studio 2010\Settings\Projects\TP-ExamenesEnLinea\TP-ExamenesEnLinea\EditarCursoProfesor.aspx.cs:línea 61

<===========================================================================>

 Fecha del Log : 14/11/2013 09:12:10 p.m.
 Error ocurrido en la pagina : http://localhost:56719/LoginUsuario.aspx

 Descripcion :
System.Threading.ThreadAbortException: Subproceso anulado.
   en System.Threading.Thread.AbortInternal()
   en System.Threading.Thread.Abort(Object stateInfo)
   en System.Web.HttpResponse.AbortCurrentThread()
   en System.Web.HttpResponse.End()
   en System.Web.HttpResponse.Redirect(String url, Boolean endResponse, Boolean permanent)
   en System.Web.HttpResponse.Redirect(String url)
   en TP_ExamenesEnLinea.LoginUsuario.abrirSesionProfesor(String passUsuario, String mailU) en C:\Users\Juliana\Documents\Visual Studio 2010\Settings\Projects\TP-ExamenesEnLinea\TP-ExamenesEnLinea\LoginUsuario.aspx.cs:línea 46

<===========================================================================>

 Fecha del Log : 14/11/2013 09:15:56 p.m.
 Error ocurrido en la pagina : http://localhost:56719/LoginUsuario.aspx

 Descripcion :
System.Threading.ThreadAbortException: Subproceso anulado.
   en System.Threading.Thread.AbortInternal()
   en System.Threading.Thread.Abort(Object stateInfo)
   en System.Web.HttpResponse.AbortCurrentThread()
   en System.Web.HttpResponse.End()
   en System.Web.HttpResponse.Redirect(String url, Boolean endResponse, Boolean permanent)
   en System.Web.HttpResponse.Redirect(String url)
   en TP_ExamenesEnLinea.LoginUsuario.abrirSesionProfesor(String passUsuario, String mailU) en C:\Users\Juliana\Documents\Visual Studio 2010\Settings\Projects\TP-ExamenesEnLinea\TP-ExamenesEnLinea\LoginUsuario.aspx.cs:línea 46

<===========================================================================>

 Fecha del Log : 14/11/2013 09:16:29 p.m.
 Error ocurrido en la pagina : http://localhost:56719/EditarCursoProfesor.aspx?id=46

 Descripcion :
System.ArgumentOutOfRangeException: Los parámetros de año, mes y día describen un campo DateTime que no se puede representar.
   en System.DateTime.DateToTicks(Int32 year, Int32 month, Int32 day)
   en System.DateTime..ctor(Int32 year, Int32 month, Int32 day)
   en Negocio.ServCurso.CargarCurso(Int32 id_c, String p, Boolean p_2, String dateTime, String dateTime_2) en C:\Users\Juliana\Documents\Visual Studio 2010\Settings\Projects\TP-ExamenesEnLinea\Negocio\ServCurso.cs:línea 135
   en TP_ExamenesEnLinea.EditarCursoProfesor.Button1_Click(Object sender, EventArgs e) en C:\Users\Juliana\Documents\Visual Studio 2010\Settings\Projects\TP-ExamenesEnLinea\TP-ExamenesEnLinea\EditarCursoProfesor.aspx.cs:línea 61

<===========================================================================>

 Fecha del Log : 14/11/2013 09:25:06 p.m.
 Error ocurrido en la pagina : http://localhost:56719/LoginUsuario.aspx

 Descripcion :
System.Threading.ThreadAbortException: Subproceso anulado.
   en System.Threading.Thread.AbortInternal()
   en System.Threading.Thread.Abort(Object stateInfo)
   en System.Web.HttpResponse.AbortCurrentThread()
   en System.Web.HttpResponse.End()
   en System.Web.HttpResponse.Redirect(String url, Boolean endResponse, Boolean permanent)
   en System.Web.HttpResponse.Redirect(String url)
   en TP_ExamenesEnLinea.LoginUsuario.abrirSesionProfesor(String passUsuario, String mailU) en C:\Users\Juliana\Documents\Visual Studio 2010\Settings\Projects\TP-ExamenesEnLinea\TP-ExamenesEnLinea\LoginUsuario.aspx.cs:línea 46

<===========================================================================>

 Fecha del Log : 14/11/2013 09:25:41 p.m.
 Error ocurrido en la pagina : http://localhost:56719/EditarCursoProfesor.aspx?id=46

 Descripcion :
System.ArgumentOutOfRangeException: Los parámetros de año, mes y día describen un campo DateTime que no se puede representar.
   en System.DateTime.DateToTicks(Int32 year, Int32 month, Int32 day)
   en System.DateTime..ctor(Int32 year, Int32 month, Int32 day)
   en Negocio.ServCurso.CargarCurso(Int32 id_c, String p, Boolean p_2, String dateTime, String dateTime_2) en C:\Users\Juliana\Documents\Visual Studio 2010\Settings\Projects\TP-ExamenesEnLinea\Negocio\ServCurso.cs:línea 135
   en TP_ExamenesEnLinea.EditarCursoProfesor.Button1_Click(Object sender, EventArgs e) en C:\Users\Juliana\Documents\Visual Studio 2010\Settings\Projects\TP-ExamenesEnLinea\TP-ExamenesEnLinea\EditarCursoProfesor.aspx.cs:línea 61

<===========================================================================>

 Fecha del Log : 14/11/2013 09:26:30 p.m.
 Error ocurrido en la pagina : http://localhost:56719/EditarCursoProfesor.aspx?id=46

 Descripcion :
System.ArgumentOutOfRangeException: Los parámetros de año, mes y día describen un campo DateTime que no se puede representar.
   en System.DateTime.DateToTicks(Int32 year, Int32 month, Int32 day)
   en System.DateTime..ctor(Int32 year, Int32 month, Int32 day)
   en Negocio.ServCurso.CargarCurso(Int32 id_c, String p, Boolean p_2, String dateTime, String dateTime_2) en C:\Users\Juliana\Documents\Visual Studio 2010\Settings\Projects\TP-ExamenesEnLinea\Negocio\ServCurso.cs:línea 135
   en TP_ExamenesEnLinea.EditarCursoProfesor.Button1_Click(Object sender, EventArgs e) en C:\Users\Juliana\Documents\Visual Studio 2010\Settings\Projects\TP-ExamenesEnLinea\TP-ExamenesEnLinea\EditarCursoProfesor.aspx.cs:línea 61

<===========================================================================>

 Fecha del Log : 14/11/2013 09:26:40 p.m.
 Error ocurrido en la pagina : http://localhost:56719/EditarCursoProfesor.aspx?id=46

 Descripcion :
System.ArgumentOutOfRangeException: Los parámetros de año, mes y día describen un campo DateTime que no se puede representar.
   en System.DateTime.DateToTicks(Int32 year, Int32 month, Int32 day)
   en System.DateTime..ctor(Int32 year, Int32 month, Int32 day)
   en Negocio.ServCurso.CargarCurso(Int32 id_c, String p, Boolean p_2, String dateTime, String dateTime_2) en C:\Users\Juliana\Documents\Visual Studio 2010\Settings\Projects\TP-ExamenesEnLinea\Negocio\ServCurso.cs:línea 135
   en TP_ExamenesEnLinea.EditarCursoProfesor.Button1_Click(Object sender, EventArgs e) en C:\Users\Juliana\Documents\Visual Studio 2010\Settings\Projects\TP-ExamenesEnLinea\TP-ExamenesEnLinea\EditarCursoProfesor.aspx.cs:línea 61

<===========================================================================>

 Fecha del Log : 14/11/2013 09:27:37 p.m.
 Error ocurrido en la pagina : http://localhost:56719/LoginUsuario.aspx

 Descripcion :
System.Threading.ThreadAbortException: Subproceso anulado.
   en System.Threading.Thread.AbortInternal()
   en System.Threading.Thread.Abort(Object stateInfo)
   en System.Web.HttpResponse.AbortCurrentThread()
   en System.Web.HttpResponse.End()
   en System.Web.HttpResponse.Redirect(String url, Boolean endResponse, Boolean permanent)
   en System.Web.HttpResponse.Redirect(String url)
   en TP_ExamenesEnLinea.LoginUsuario.abrirSesionProfesor(String passUsuario, String mailU) en C:\Users\Juliana\Documents\Visual Studio 2010\Settings\Projects\TP-ExamenesEnLinea\TP-ExamenesEnLinea\LoginUsuario.aspx.cs:línea 46

<===========================================================================>

 Fecha del Log : 14/11/2013 09:28:08 p.m.
 Error ocurrido en la pagina : http://localhost:56719/EditarCursoProfesor.aspx?id=46

 Descripcion :
System.ArgumentOutOfRangeException: Los parámetros de año, mes y día describen un campo DateTime que no se puede representar.
   en System.DateTime.DateToTicks(Int32 year, Int32 month, Int32 day)
   en System.DateTime..ctor(Int32 year, Int32 month, Int32 day)
   en Negocio.ServCurso.CargarCurso(Int32 id_c, String p, Boolean p_2, String dateTime, String dateTime_2) en C:\Users\Juliana\Documents\Visual Studio 2010\Settings\Projects\TP-ExamenesEnLinea\Negocio\ServCurso.cs:línea 135
   en TP_ExamenesEnLinea.EditarCursoProfesor.Button1_Click(Object sender, EventArgs e) en C:\Users\Juliana\Documents\Visual Studio 2010\Settings\Projects\TP-ExamenesEnLinea\TP-ExamenesEnLinea\EditarCursoProfesor.aspx.cs:línea 61

<===========================================================================>

 Fecha del Log : 14/11/2013 09:28:49 p.m.
 Error ocurrido en la pagina : http://localhost:56719/LoginUsuario.aspx

 Descripcion :
System.Threading.ThreadAbortException: Subproceso anulado.
   en System.Threading.Thread.AbortInternal()
   en System.Threading.Thread.Abort(Object stateInfo)
   en System.Web.HttpResponse.AbortCurrentThread()
   en System.Web.HttpResponse.End()
   en System.Web.HttpResponse.Redirect(String url, Boolean endResponse, Boolean permanent)
   en System.Web.HttpResponse.Redirect(String url)
   en TP_ExamenesEnLinea.LoginUsuario.abrirSesionProfesor(String passUsuario, String mailU) en C:\Users\Juliana\Documents\Visual Studio 2010\Settings\Projects\TP-ExamenesEnLinea\TP-ExamenesEnLinea\LoginUsuario.aspx.cs:línea 46

<===========================================================================>

 Fecha del Log : 14/11/2013 09:29:03 p.m.
 Error ocurrido en la pagina : http://localhost:56719/EditarCursoProfesor.aspx?id=46

 Descripcion :
System.ArgumentOutOfRangeException: Los parámetros de año, mes y día describen un campo DateTime que no se puede representar.
   en System.DateTime.DateToTicks(Int32 year, Int32 month, Int32 day)
   en System.DateTime..ctor(Int32 year, Int32 month, Int32 day)
   en Negocio.ServCurso.CargarCurso(Int32 id_c, String p, Boolean p_2, String dateTime, String dateTime_2) en C:\Users\Juliana\Documents\Visual Studio 2010\Settings\Projects\TP-ExamenesEnLinea\Negocio\ServCurso.cs:línea 135
   en TP_ExamenesEnLinea.EditarCursoProfesor.Button1_Click(Object sender, EventArgs e) en C:\Users\Juliana\Documents\Visual Studio 2010\Settings\Projects\TP-ExamenesEnLinea\TP-ExamenesEnLinea\EditarCursoProfesor.aspx.cs:línea 61

<===========================================================================>

 Fecha del Log : 14/11/2013 09:34:54 p.m.
 Error ocurrido en la pagina : http://localhost:56719/LoginUsuario.aspx

 Descripcion :
System.Threading.ThreadAbortException: Subproceso anulado.
   en System.Threading.Thread.AbortInternal()
   en System.Threading.Thread.Abort(Object stateInfo)
   en System.Web.HttpResponse.AbortCurrentThread()
   en System.Web.HttpResponse.End()
   en System.Web.HttpResponse.Redirect(String url, Boolean endResponse, Boolean permanent)
   en System.Web.HttpResponse.Redirect(String url)
   en TP_ExamenesEnLinea.LoginUsuario.abrirSesionProfesor(String passUsuario, String mailU) en C:\Users\Juliana\Documents\Visual Studio 2010\Settings\Projects\TP-ExamenesEnLinea\TP-ExamenesEnLinea\LoginUsuario.aspx.cs:línea 46

<===========================================================================>
