
 Fecha del Log : 26/10/2013 11:22:24 a.m.
 Error ocurrido en la pagina : http://localhost:49168/LoginUsuario.aspx

 Descripcion :
System.Threading.ThreadAbortException: Subproceso anulado.
   en System.Threading.Thread.AbortInternal()
   en System.Threading.Thread.Abort(Object stateInfo)
   en System.Web.HttpResponse.AbortCurrentThread()
   en System.Web.HttpResponse.End()
   en System.Web.HttpResponse.Redirect(String url, Boolean endResponse, Boolean permanent)
   en System.Web.HttpResponse.Redirect(String url)
   en TP_ExamenesEnLinea.LoginUsuario.abrirSesionProfesor(String passUsuario, String mailU) en C:\Users\Juliana\Documents\Visual Studio 2010\Settings\Projects\TP-ExamenesEnLinea\TP-ExamenesEnLinea\LoginUsuario.aspx.cs:línea 47

<===========================================================================>

 Fecha del Log : 26/10/2013 11:27:01 a.m.
 Error ocurrido en la pagina : http://localhost:49168/LoginUsuario.aspx

 Descripcion :
System.Threading.ThreadAbortException: Subproceso anulado.
   en System.Threading.Thread.AbortInternal()
   en System.Threading.Thread.Abort(Object stateInfo)
   en System.Web.HttpResponse.AbortCurrentThread()
   en System.Web.HttpResponse.End()
   en System.Web.HttpResponse.Redirect(String url, Boolean endResponse, Boolean permanent)
   en System.Web.HttpResponse.Redirect(String url)
   en TP_ExamenesEnLinea.LoginUsuario.abrirSesionProfesor(String passUsuario, String mailU) en C:\Users\Juliana\Documents\Visual Studio 2010\Settings\Projects\TP-ExamenesEnLinea\TP-ExamenesEnLinea\LoginUsuario.aspx.cs:línea 47

<===========================================================================>

 Fecha del Log : 26/10/2013 03:42:33 p.m.
 Error ocurrido en la pagina : http://localhost:49168/LoginUsuario.aspx

 Descripcion :
System.Threading.ThreadAbortException: Subproceso anulado.
   en System.Threading.Thread.AbortInternal()
   en System.Threading.Thread.Abort(Object stateInfo)
   en System.Web.HttpResponse.AbortCurrentThread()
   en System.Web.HttpResponse.End()
   en System.Web.HttpResponse.Redirect(String url, Boolean endResponse, Boolean permanent)
   en System.Web.HttpResponse.Redirect(String url)
   en TP_ExamenesEnLinea.LoginUsuario.abrirSesionProfesor(String passUsuario, String mailU) en C:\Users\Juliana\Documents\Visual Studio 2010\Settings\Projects\TP-ExamenesEnLinea\TP-ExamenesEnLinea\LoginUsuario.aspx.cs:línea 47

<===========================================================================>

 Fecha del Log : 26/10/2013 03:43:33 p.m.
 Error ocurrido en la pagina : http://localhost:49168/LoginUsuario.aspx

 Descripcion :
System.Threading.ThreadAbortException: Subproceso anulado.
   en System.Threading.Thread.AbortInternal()
   en System.Threading.Thread.Abort(Object stateInfo)
   en System.Web.HttpResponse.AbortCurrentThread()
   en System.Web.HttpResponse.End()
   en System.Web.HttpResponse.Redirect(String url, Boolean endResponse, Boolean permanent)
   en System.Web.HttpResponse.Redirect(String url)
   en TP_ExamenesEnLinea.LoginUsuario.abrirSesionProfesor(String passUsuario, String mailU) en C:\Users\Juliana\Documents\Visual Studio 2010\Settings\Projects\TP-ExamenesEnLinea\TP-ExamenesEnLinea\LoginUsuario.aspx.cs:línea 47

<===========================================================================>

 Fecha del Log : 26/10/2013 03:46:17 p.m.
 Error ocurrido en la pagina : http://localhost:49168/LoginUsuario.aspx

 Descripcion :
System.Threading.ThreadAbortException: Subproceso anulado.
   en System.Threading.Thread.AbortInternal()
   en System.Threading.Thread.Abort(Object stateInfo)
   en System.Web.HttpResponse.AbortCurrentThread()
   en System.Web.HttpResponse.End()
   en System.Web.HttpResponse.Redirect(String url, Boolean endResponse, Boolean permanent)
   en System.Web.HttpResponse.Redirect(String url)
   en TP_ExamenesEnLinea.LoginUsuario.abrirSesionProfesor(String passUsuario, String mailU) en C:\Users\Juliana\Documents\Visual Studio 2010\Settings\Projects\TP-ExamenesEnLinea\TP-ExamenesEnLinea\LoginUsuario.aspx.cs:línea 47

<===========================================================================>

 Fecha del Log : 26/10/2013 03:52:46 p.m.
 Error ocurrido en la pagina : http://localhost:49168/LoginUsuario.aspx

 Descripcion :
System.Threading.ThreadAbortException: Subproceso anulado.
   en System.Threading.Thread.AbortInternal()
   en System.Threading.Thread.Abort(Object stateInfo)
   en System.Web.HttpResponse.AbortCurrentThread()
   en System.Web.HttpResponse.End()
   en System.Web.HttpResponse.Redirect(String url, Boolean endResponse, Boolean permanent)
   en System.Web.HttpResponse.Redirect(String url)
   en TP_ExamenesEnLinea.LoginUsuario.abrirSesionProfesor(String passUsuario, String mailU) en C:\Users\Juliana\Documents\Visual Studio 2010\Settings\Projects\TP-ExamenesEnLinea\TP-ExamenesEnLinea\LoginUsuario.aspx.cs:línea 47

<===========================================================================>

 Fecha del Log : 26/10/2013 03:54:30 p.m.
 Error ocurrido en la pagina : http://localhost:49168/LoginUsuario.aspx

 Descripcion :
System.Threading.ThreadAbortException: Subproceso anulado.
   en System.Threading.Thread.AbortInternal()
   en System.Threading.Thread.Abort(Object stateInfo)
   en System.Web.HttpResponse.AbortCurrentThread()
   en System.Web.HttpResponse.End()
   en System.Web.HttpResponse.Redirect(String url, Boolean endResponse, Boolean permanent)
   en System.Web.HttpResponse.Redirect(String url)
   en TP_ExamenesEnLinea.LoginUsuario.abrirSesionProfesor(String passUsuario, String mailU) en C:\Users\Juliana\Documents\Visual Studio 2010\Settings\Projects\TP-ExamenesEnLinea\TP-ExamenesEnLinea\LoginUsuario.aspx.cs:línea 47

<===========================================================================>

 Fecha del Log : 26/10/2013 09:03:55 p.m.
 Error ocurrido en la pagina : http://localhost:49168/LoginUsuario.aspx

 Descripcion :
System.Threading.ThreadAbortException: Subproceso anulado.
   en System.Threading.Thread.AbortInternal()
   en System.Threading.Thread.Abort(Object stateInfo)
   en System.Web.HttpResponse.AbortCurrentThread()
   en System.Web.HttpResponse.End()
   en System.Web.HttpResponse.Redirect(String url, Boolean endResponse, Boolean permanent)
   en System.Web.HttpResponse.Redirect(String url)
   en TP_ExamenesEnLinea.LoginUsuario.abrirSesionProfesor(String passUsuario, String mailU) en C:\Users\Juliana\Documents\Visual Studio 2010\Settings\Projects\TP-ExamenesEnLinea\TP-ExamenesEnLinea\LoginUsuario.aspx.cs:línea 47

<===========================================================================>

 Fecha del Log : 26/10/2013 09:05:39 p.m.
 Error ocurrido en la pagina : http://localhost:49168/CrearExamenProfesor.aspx

 Descripcion :
System.ArgumentOutOfRangeException: Los parámetros de año, mes y día describen un campo DateTime que no se puede representar.
   en System.DateTime.DateToTicks(Int32 year, Int32 month, Int32 day)
   en System.DateTime..ctor(Int32 year, Int32 month, Int32 day)
   en Negocio.ServProfesor.crearNuevoExamen(String p, String p_2, String p_3, String p_4, String p_5, String p_6, Int32 idcurso) en C:\Users\Juliana\Documents\Visual Studio 2010\Settings\Projects\TP-ExamenesEnLinea\Negocio\ServProfesor.cs:línea 48
   en TP_ExamenesEnLinea.CrearExamenProfesor.btnsig_Click(Object sender, EventArgs e) en C:\Users\Juliana\Documents\Visual Studio 2010\Settings\Projects\TP-ExamenesEnLinea\TP-ExamenesEnLinea\CrearExamenProfesor.aspx.cs:línea 36

<===========================================================================>

 Fecha del Log : 26/10/2013 09:11:05 p.m.
 Error ocurrido en la pagina : http://localhost:49168/LoginUsuario.aspx

 Descripcion :
System.Threading.ThreadAbortException: Subproceso anulado.
   en System.Threading.Thread.AbortInternal()
   en System.Threading.Thread.Abort(Object stateInfo)
   en System.Web.HttpResponse.AbortCurrentThread()
   en System.Web.HttpResponse.End()
   en System.Web.HttpResponse.Redirect(String url, Boolean endResponse, Boolean permanent)
   en System.Web.HttpResponse.Redirect(String url)
   en TP_ExamenesEnLinea.LoginUsuario.abrirSesionProfesor(String passUsuario, String mailU) en C:\Users\Juliana\Documents\Visual Studio 2010\Settings\Projects\TP-ExamenesEnLinea\TP-ExamenesEnLinea\LoginUsuario.aspx.cs:línea 47

<===========================================================================>

 Fecha del Log : 26/10/2013 09:12:38 p.m.
 Error ocurrido en la pagina : http://localhost:49168/CrearExamenProfesor.aspx

 Descripcion :
System.ArgumentOutOfRangeException: Los parámetros de año, mes y día describen un campo DateTime que no se puede representar.
   en System.DateTime.DateToTicks(Int32 year, Int32 month, Int32 day)
   en System.DateTime..ctor(Int32 year, Int32 month, Int32 day)
   en Negocio.ServProfesor.crearNuevoExamen(String p, String p_2, String p_3, String p_4, String p_5, String p_6, Int32 idcurso) en C:\Users\Juliana\Documents\Visual Studio 2010\Settings\Projects\TP-ExamenesEnLinea\Negocio\ServProfesor.cs:línea 48
   en TP_ExamenesEnLinea.CrearExamenProfesor.btnsig_Click(Object sender, EventArgs e) en C:\Users\Juliana\Documents\Visual Studio 2010\Settings\Projects\TP-ExamenesEnLinea\TP-ExamenesEnLinea\CrearExamenProfesor.aspx.cs:línea 36

<===========================================================================>

 Fecha del Log : 26/10/2013 09:13:54 p.m.
 Error ocurrido en la pagina : http://localhost:49168/LoginUsuario.aspx

 Descripcion :
System.Threading.ThreadAbortException: Subproceso anulado.
   en System.Threading.Thread.AbortInternal()
   en System.Threading.Thread.Abort(Object stateInfo)
   en System.Web.HttpResponse.AbortCurrentThread()
   en System.Web.HttpResponse.End()
   en System.Web.HttpResponse.Redirect(String url, Boolean endResponse, Boolean permanent)
   en System.Web.HttpResponse.Redirect(String url)
   en TP_ExamenesEnLinea.LoginUsuario.abrirSesionProfesor(String passUsuario, String mailU) en C:\Users\Juliana\Documents\Visual Studio 2010\Settings\Projects\TP-ExamenesEnLinea\TP-ExamenesEnLinea\LoginUsuario.aspx.cs:línea 47

<===========================================================================>

 Fecha del Log : 26/10/2013 09:14:28 p.m.
 Error ocurrido en la pagina : http://localhost:49168/CrearExamenProfesor.aspx

 Descripcion :
System.ArgumentOutOfRangeException: Los parámetros de año, mes y día describen un campo DateTime que no se puede representar.
   en System.DateTime.DateToTicks(Int32 year, Int32 month, Int32 day)
   en System.DateTime..ctor(Int32 year, Int32 month, Int32 day)
   en Negocio.ServProfesor.crearNuevoExamen(String p, String p_2, String p_3, String p_4, String p_5, String p_6, Int32 idcurso) en C:\Users\Juliana\Documents\Visual Studio 2010\Settings\Projects\TP-ExamenesEnLinea\Negocio\ServProfesor.cs:línea 48
   en TP_ExamenesEnLinea.CrearExamenProfesor.btnsig_Click(Object sender, EventArgs e) en C:\Users\Juliana\Documents\Visual Studio 2010\Settings\Projects\TP-ExamenesEnLinea\TP-ExamenesEnLinea\CrearExamenProfesor.aspx.cs:línea 36

<===========================================================================>

 Fecha del Log : 26/10/2013 09:31:30 p.m.
 Error ocurrido en la pagina : http://localhost:49168/LoginUsuario.aspx

 Descripcion :
System.Threading.ThreadAbortException: Subproceso anulado.
   en System.Threading.Thread.AbortInternal()
   en System.Threading.Thread.Abort(Object stateInfo)
   en System.Web.HttpResponse.AbortCurrentThread()
   en System.Web.HttpResponse.End()
   en System.Web.HttpResponse.Redirect(String url, Boolean endResponse, Boolean permanent)
   en System.Web.HttpResponse.Redirect(String url)
   en TP_ExamenesEnLinea.LoginUsuario.abrirSesionProfesor(String passUsuario, String mailU) en C:\Users\Juliana\Documents\Visual Studio 2010\Settings\Projects\TP-ExamenesEnLinea\TP-ExamenesEnLinea\LoginUsuario.aspx.cs:línea 47

<===========================================================================>

 Fecha del Log : 26/10/2013 09:32:01 p.m.
 Error ocurrido en la pagina : http://localhost:49168/CrearExamenProfesor.aspx

 Descripcion :
System.ArgumentOutOfRangeException: Los parámetros de año, mes y día describen un campo DateTime que no se puede representar.
   en System.DateTime.DateToTicks(Int32 year, Int32 month, Int32 day)
   en System.DateTime..ctor(Int32 year, Int32 month, Int32 day)
   en Negocio.ServProfesor.crearNuevoExamen(Int32 idcurso, String p, String p_2, String p_3, String p_4, String p_5, String p_6) en C:\Users\Juliana\Documents\Visual Studio 2010\Settings\Projects\TP-ExamenesEnLinea\Negocio\ServProfesor.cs:línea 63
   en TP_ExamenesEnLinea.CrearExamenProfesor.btnsig_Click(Object sender, EventArgs e) en C:\Users\Juliana\Documents\Visual Studio 2010\Settings\Projects\TP-ExamenesEnLinea\TP-ExamenesEnLinea\CrearExamenProfesor.aspx.cs:línea 36

<===========================================================================>

 Fecha del Log : 26/10/2013 10:53:37 p.m.
 Error ocurrido en la pagina : http://localhost:49168/LoginUsuario.aspx

 Descripcion :
System.Threading.ThreadAbortException: Subproceso anulado.
   en System.Threading.Thread.AbortInternal()
   en System.Threading.Thread.Abort(Object stateInfo)
   en System.Web.HttpResponse.AbortCurrentThread()
   en System.Web.HttpResponse.End()
   en System.Web.HttpResponse.Redirect(String url, Boolean endResponse, Boolean permanent)
   en System.Web.HttpResponse.Redirect(String url)
   en TP_ExamenesEnLinea.LoginUsuario.abrirSesionProfesor(String passUsuario, String mailU) en C:\Users\Juliana\Documents\Visual Studio 2010\Settings\Projects\TP-ExamenesEnLinea\TP-ExamenesEnLinea\LoginUsuario.aspx.cs:línea 47

<===========================================================================>

 Fecha del Log : 26/10/2013 11:06:23 p.m.
 Error ocurrido en la pagina : http://localhost:49168/CrearExamenProfesor.aspx

 Descripcion :
System.ArgumentOutOfRangeException: Los parámetros de año, mes y día describen un campo DateTime que no se puede representar.
   en System.DateTime.DateToTicks(Int32 year, Int32 month, Int32 day)
   en System.DateTime..ctor(Int32 year, Int32 month, Int32 day)
   en Negocio.ServProfesor.crearNuevoExamen(Int32 idcurso, String p, String p_2, String p_3, String p_4, String p_5, String p_6) en C:\Users\Juliana\Documents\Visual Studio 2010\Settings\Projects\TP-ExamenesEnLinea\Negocio\ServProfesor.cs:línea 63
   en TP_ExamenesEnLinea.CrearExamenProfesor.btnsig_Click(Object sender, EventArgs e) en C:\Users\Juliana\Documents\Visual Studio 2010\Settings\Projects\TP-ExamenesEnLinea\TP-ExamenesEnLinea\CrearExamenProfesor.aspx.cs:línea 36

<===========================================================================>

 Fecha del Log : 26/10/2013 11:29:41 p.m.
 Error ocurrido en la pagina : http://localhost:49168/LoginUsuario.aspx

 Descripcion :
System.Threading.ThreadAbortException: Subproceso anulado.
   en System.Threading.Thread.AbortInternal()
   en System.Threading.Thread.Abort(Object stateInfo)
   en System.Web.HttpResponse.AbortCurrentThread()
   en System.Web.HttpResponse.End()
   en System.Web.HttpResponse.Redirect(String url, Boolean endResponse, Boolean permanent)
   en System.Web.HttpResponse.Redirect(String url)
   en TP_ExamenesEnLinea.LoginUsuario.abrirSesionProfesor(String passUsuario, String mailU) en C:\Users\Juliana\Documents\Visual Studio 2010\Settings\Projects\TP-ExamenesEnLinea\TP-ExamenesEnLinea\LoginUsuario.aspx.cs:línea 47

<===========================================================================>

 Fecha del Log : 26/10/2013 11:30:55 p.m.
 Error ocurrido en la pagina : http://localhost:49168/CrearExamenProfesor.aspx

 Descripcion :
System.ArgumentOutOfRangeException: Los parámetros de año, mes y día describen un campo DateTime que no se puede representar.
   en System.DateTime.DateToTicks(Int32 year, Int32 month, Int32 day)
   en System.DateTime..ctor(Int32 year, Int32 month, Int32 day)
   en Negocio.ServProfesor.crearNuevoExamen(Int32 idcurso, String p, String p_2, String p_3, String p_4, String p_5, String p_6) en C:\Users\Juliana\Documents\Visual Studio 2010\Settings\Projects\TP-ExamenesEnLinea\Negocio\ServProfesor.cs:línea 63
   en TP_ExamenesEnLinea.CrearExamenProfesor.btnsig_Click(Object sender, EventArgs e) en C:\Users\Juliana\Documents\Visual Studio 2010\Settings\Projects\TP-ExamenesEnLinea\TP-ExamenesEnLinea\CrearExamenProfesor.aspx.cs:línea 36

<===========================================================================>

 Fecha del Log : 26/10/2013 11:31:04 p.m.
 Error ocurrido en la pagina : http://localhost:49168/LoginUsuario.aspx

 Descripcion :
System.Threading.ThreadAbortException: Subproceso anulado.
   en System.Threading.Thread.AbortInternal()
   en System.Threading.Thread.Abort(Object stateInfo)
   en System.Web.HttpResponse.AbortCurrentThread()
   en System.Web.HttpResponse.End()
   en System.Web.HttpResponse.Redirect(String url, Boolean endResponse, Boolean permanent)
   en System.Web.HttpResponse.Redirect(String url)
   en TP_ExamenesEnLinea.LoginUsuario.abrirSesionProfesor(String passUsuario, String mailU) en C:\Users\Juliana\Documents\Visual Studio 2010\Settings\Projects\TP-ExamenesEnLinea\TP-ExamenesEnLinea\LoginUsuario.aspx.cs:línea 47

<===========================================================================>

 Fecha del Log : 26/10/2013 11:31:38 p.m.
 Error ocurrido en la pagina : http://localhost:49168/CrearExamenProfesor.aspx

 Descripcion :
System.ArgumentOutOfRangeException: Los parámetros de año, mes y día describen un campo DateTime que no se puede representar.
   en System.DateTime.DateToTicks(Int32 year, Int32 month, Int32 day)
   en System.DateTime..ctor(Int32 year, Int32 month, Int32 day)
   en Negocio.ServProfesor.crearNuevoExamen(Int32 idcurso, String p, String p_2, String p_3, String p_4, String p_5, String p_6) en C:\Users\Juliana\Documents\Visual Studio 2010\Settings\Projects\TP-ExamenesEnLinea\Negocio\ServProfesor.cs:línea 63
   en TP_ExamenesEnLinea.CrearExamenProfesor.btnsig_Click(Object sender, EventArgs e) en C:\Users\Juliana\Documents\Visual Studio 2010\Settings\Projects\TP-ExamenesEnLinea\TP-ExamenesEnLinea\CrearExamenProfesor.aspx.cs:línea 36

<===========================================================================>

 Fecha del Log : 26/10/2013 11:37:30 p.m.
 Error ocurrido en la pagina : http://localhost:49168/LoginUsuario.aspx

 Descripcion :
System.Threading.ThreadAbortException: Subproceso anulado.
   en System.Threading.Thread.AbortInternal()
   en System.Threading.Thread.Abort(Object stateInfo)
   en System.Web.HttpResponse.AbortCurrentThread()
   en System.Web.HttpResponse.End()
   en System.Web.HttpResponse.Redirect(String url, Boolean endResponse, Boolean permanent)
   en System.Web.HttpResponse.Redirect(String url)
   en TP_ExamenesEnLinea.LoginUsuario.abrirSesionProfesor(String passUsuario, String mailU) en C:\Users\Juliana\Documents\Visual Studio 2010\Settings\Projects\TP-ExamenesEnLinea\TP-ExamenesEnLinea\LoginUsuario.aspx.cs:línea 47

<===========================================================================>

 Fecha del Log : 26/10/2013 11:38:46 p.m.
 Error ocurrido en la pagina : http://localhost:49168/CrearExamenProfesor.aspx

 Descripcion :
System.ArgumentOutOfRangeException: Los parámetros de año, mes y día describen un campo DateTime que no se puede representar.
   en System.DateTime.DateToTicks(Int32 year, Int32 month, Int32 day)
   en System.DateTime..ctor(Int32 year, Int32 month, Int32 day)
   en TP_ExamenesEnLinea.CrearExamenProfesor.btnsig_Click(Object sender, EventArgs e) en C:\Users\Juliana\Documents\Visual Studio 2010\Settings\Projects\TP-ExamenesEnLinea\TP-ExamenesEnLinea\CrearExamenProfesor.aspx.cs:línea 40

<===========================================================================>

 Fecha del Log : 26/10/2013 11:38:56 p.m.
 Error ocurrido en la pagina : http://localhost:49168/LoginUsuario.aspx

 Descripcion :
System.Threading.ThreadAbortException: Subproceso anulado.
   en System.Threading.Thread.AbortInternal()
   en System.Threading.Thread.Abort(Object stateInfo)
   en System.Web.HttpResponse.AbortCurrentThread()
   en System.Web.HttpResponse.End()
   en System.Web.HttpResponse.Redirect(String url, Boolean endResponse, Boolean permanent)
   en System.Web.HttpResponse.Redirect(String url)
   en TP_ExamenesEnLinea.LoginUsuario.abrirSesionProfesor(String passUsuario, String mailU) en C:\Users\Juliana\Documents\Visual Studio 2010\Settings\Projects\TP-ExamenesEnLinea\TP-ExamenesEnLinea\LoginUsuario.aspx.cs:línea 47

<===========================================================================>

 Fecha del Log : 26/10/2013 11:39:27 p.m.
 Error ocurrido en la pagina : http://localhost:49168/CrearExamenProfesor.aspx

 Descripcion :
System.ArgumentOutOfRangeException: Los parámetros de año, mes y día describen un campo DateTime que no se puede representar.
   en System.DateTime.DateToTicks(Int32 year, Int32 month, Int32 day)
   en System.DateTime..ctor(Int32 year, Int32 month, Int32 day)
   en TP_ExamenesEnLinea.CrearExamenProfesor.btnsig_Click(Object sender, EventArgs e) en C:\Users\Juliana\Documents\Visual Studio 2010\Settings\Projects\TP-ExamenesEnLinea\TP-ExamenesEnLinea\CrearExamenProfesor.aspx.cs:línea 40

<===========================================================================>

 Fecha del Log : 26/10/2013 11:46:32 p.m.
 Error ocurrido en la pagina : http://localhost:49168/LoginUsuario.aspx

 Descripcion :
System.Threading.ThreadAbortException: Subproceso anulado.
   en System.Threading.Thread.AbortInternal()
   en System.Threading.Thread.Abort(Object stateInfo)
   en System.Web.HttpResponse.AbortCurrentThread()
   en System.Web.HttpResponse.End()
   en System.Web.HttpResponse.Redirect(String url, Boolean endResponse, Boolean permanent)
   en System.Web.HttpResponse.Redirect(String url)
   en TP_ExamenesEnLinea.LoginUsuario.abrirSesionProfesor(String passUsuario, String mailU) en C:\Users\Juliana\Documents\Visual Studio 2010\Settings\Projects\TP-ExamenesEnLinea\TP-ExamenesEnLinea\LoginUsuario.aspx.cs:línea 47

<===========================================================================>

 Fecha del Log : 26/10/2013 11:47:03 p.m.
 Error ocurrido en la pagina : http://localhost:49168/LoginUsuario.aspx

 Descripcion :
System.Threading.ThreadAbortException: Subproceso anulado.
   en System.Threading.Thread.AbortInternal()
   en System.Threading.Thread.Abort(Object stateInfo)
   en System.Web.HttpResponse.AbortCurrentThread()
   en System.Web.HttpResponse.End()
   en System.Web.HttpResponse.Redirect(String url, Boolean endResponse, Boolean permanent)
   en System.Web.HttpResponse.Redirect(String url)
   en TP_ExamenesEnLinea.LoginUsuario.abrirSesionProfesor(String passUsuario, String mailU) en C:\Users\Juliana\Documents\Visual Studio 2010\Settings\Projects\TP-ExamenesEnLinea\TP-ExamenesEnLinea\LoginUsuario.aspx.cs:línea 47

<===========================================================================>

 Fecha del Log : 26/10/2013 11:47:41 p.m.
 Error ocurrido en la pagina : http://localhost:49168/CrearExamenProfesor.aspx

 Descripcion :
System.ArgumentOutOfRangeException: Los parámetros de año, mes y día describen un campo DateTime que no se puede representar.
   en System.DateTime.DateToTicks(Int32 year, Int32 month, Int32 day)
   en System.DateTime..ctor(Int32 year, Int32 month, Int32 day)
   en TP_ExamenesEnLinea.CrearExamenProfesor.btnsig_Click(Object sender, EventArgs e) en C:\Users\Juliana\Documents\Visual Studio 2010\Settings\Projects\TP-ExamenesEnLinea\TP-ExamenesEnLinea\CrearExamenProfesor.aspx.cs:línea 41

<===========================================================================>
