
 Fecha del Log : 27/10/2013 12:29:29 a.m.
 Error ocurrido en la pagina : http://localhost:49168/LoginUsuario.aspx

 Descripcion :
System.Threading.ThreadAbortException: Subproceso anulado.
   en System.Threading.Thread.AbortInternal()
   en System.Threading.Thread.Abort(Object stateInfo)
   en System.Web.HttpResponse.AbortCurrentThread()
   en System.Web.HttpResponse.End()
   en System.Web.HttpResponse.Redirect(String url, Boolean endResponse, Boolean permanent)
   en System.Web.HttpResponse.Redirect(String url)
   en TP_ExamenesEnLinea.LoginUsuario.abrirSesionProfesor(String passUsuario, String mailU) en C:\Users\Juliana\Documents\Visual Studio 2010\Settings\Projects\TP-ExamenesEnLinea\TP-ExamenesEnLinea\LoginUsuario.aspx.cs:línea 47

<===========================================================================>

 Fecha del Log : 27/10/2013 12:30:12 a.m.
 Error ocurrido en la pagina : http://localhost:49168/CrearExamenProfesor.aspx

 Descripcion :
System.ArgumentOutOfRangeException: Los parámetros de año, mes y día describen un campo DateTime que no se puede representar.
   en System.DateTime.DateToTicks(Int32 year, Int32 month, Int32 day)
   en System.DateTime..ctor(Int32 year, Int32 month, Int32 day)
   en TP_ExamenesEnLinea.CrearExamenProfesor.btnsig_Click(Object sender, EventArgs e) en C:\Users\Juliana\Documents\Visual Studio 2010\Settings\Projects\TP-ExamenesEnLinea\TP-ExamenesEnLinea\CrearExamenProfesor.aspx.cs:línea 41

<===========================================================================>

 Fecha del Log : 27/10/2013 12:38:30 a.m.
 Error ocurrido en la pagina : http://localhost:49168/LoginUsuario.aspx

 Descripcion :
System.Threading.ThreadAbortException: Subproceso anulado.
   en System.Threading.Thread.AbortInternal()
   en System.Threading.Thread.Abort(Object stateInfo)
   en System.Web.HttpResponse.AbortCurrentThread()
   en System.Web.HttpResponse.End()
   en System.Web.HttpResponse.Redirect(String url, Boolean endResponse, Boolean permanent)
   en System.Web.HttpResponse.Redirect(String url)
   en TP_ExamenesEnLinea.LoginUsuario.abrirSesionProfesor(String passUsuario, String mailU) en C:\Users\Juliana\Documents\Visual Studio 2010\Settings\Projects\TP-ExamenesEnLinea\TP-ExamenesEnLinea\LoginUsuario.aspx.cs:línea 47

<===========================================================================>

 Fecha del Log : 27/10/2013 12:39:01 a.m.
 Error ocurrido en la pagina : http://localhost:49168/CrearExamenProfesor.aspx

 Descripcion :
System.ArgumentOutOfRangeException: Los parámetros de año, mes y día describen un campo DateTime que no se puede representar.
   en System.DateTime.DateToTicks(Int32 year, Int32 month, Int32 day)
   en System.DateTime..ctor(Int32 year, Int32 month, Int32 day)
   en TP_ExamenesEnLinea.CrearExamenProfesor.btnsig_Click(Object sender, EventArgs e) en C:\Users\Juliana\Documents\Visual Studio 2010\Settings\Projects\TP-ExamenesEnLinea\TP-ExamenesEnLinea\CrearExamenProfesor.aspx.cs:línea 41

<===========================================================================>

 Fecha del Log : 27/10/2013 12:44:45 a.m.
 Error ocurrido en la pagina : http://localhost:49168/LoginUsuario.aspx

 Descripcion :
System.Threading.ThreadAbortException: Subproceso anulado.
   en System.Threading.Thread.AbortInternal()
   en System.Threading.Thread.Abort(Object stateInfo)
   en System.Web.HttpResponse.AbortCurrentThread()
   en System.Web.HttpResponse.End()
   en System.Web.HttpResponse.Redirect(String url, Boolean endResponse, Boolean permanent)
   en System.Web.HttpResponse.Redirect(String url)
   en TP_ExamenesEnLinea.LoginUsuario.abrirSesionProfesor(String passUsuario, String mailU) en C:\Users\Juliana\Documents\Visual Studio 2010\Settings\Projects\TP-ExamenesEnLinea\TP-ExamenesEnLinea\LoginUsuario.aspx.cs:línea 47

<===========================================================================>

 Fecha del Log : 27/10/2013 12:45:18 a.m.
 Error ocurrido en la pagina : http://localhost:49168/CrearExamenProfesor.aspx

 Descripcion :
System.ArgumentOutOfRangeException: Los parámetros de año, mes y día describen un campo DateTime que no se puede representar.
   en System.DateTime.DateToTicks(Int32 year, Int32 month, Int32 day)
   en System.DateTime..ctor(Int32 year, Int32 month, Int32 day)
   en Datos.ProfesorDatos.altaExamen(Int32 idcurso, String Nombre, String Descripcion, Int32 Duracion, String fechatope, String horatope, Int32 porcentaje) en C:\Users\Juliana\Documents\Visual Studio 2010\Settings\Projects\TP-ExamenesEnLinea\Datos\ProfesorDatos.cs:línea 81
   en Negocio.ServProfesor.crearNuevoExamen(Int32 idcurso, String p, String p_2, String p_3, String fechatope, String p_4, String p_5) en C:\Users\Juliana\Documents\Visual Studio 2010\Settings\Projects\TP-ExamenesEnLinea\Negocio\ServProfesor.cs:línea 46
   en TP_ExamenesEnLinea.CrearExamenProfesor.btnsig_Click(Object sender, EventArgs e) en C:\Users\Juliana\Documents\Visual Studio 2010\Settings\Projects\TP-ExamenesEnLinea\TP-ExamenesEnLinea\CrearExamenProfesor.aspx.cs:línea 37

<===========================================================================>
